[debug] [2020-03-13T03:32:53.301Z] ----------------------------------------------------------------------
[debug] [2020-03-13T03:32:53.306Z] Command:       C:\Program Files\nodejs\node.exe C:\Users\User\AppData\Roaming\npm\node_modules\firebase-tools\lib\bin\firebase.js init
[debug] [2020-03-13T03:32:53.306Z] CLI Version:   7.14.0
[debug] [2020-03-13T03:32:53.306Z] Platform:      win32
[debug] [2020-03-13T03:32:53.306Z] Node Version:  v12.16.1
[debug] [2020-03-13T03:32:53.324Z] Time:          Fri Mar 13 2020 11:32:53 GMT+0800 (Malaysia Time)
[debug] [2020-03-13T03:32:53.324Z] ----------------------------------------------------------------------
[debug] [2020-03-13T03:32:53.324Z] 
[debug] [2020-03-13T03:32:53.342Z] > command requires scopes: ["email","openid","https://www.googleapis.com/auth/cloudplatformprojects.readonly","https://www.googleapis.com/auth/firebase","https://www.googleapis.com/auth/cloud-platform"]
[debug] [2020-03-13T03:32:53.343Z] > authorizing via signed-in user
[info] 
     ######## #### ########  ######## ########     ###     ######  ########
     ##        ##  ##     ## ##       ##     ##  ##   ##  ##       ##
     ######    ##  ########  ######   ########  #########  ######  ######
     ##        ##  ##    ##  ##       ##     ## ##     ##       ## ##
     ##       #### ##     ## ######## ########  ##     ##  ######  ########

You're about to initialize a Firebase project in this directory:

  C:\xampp\htdocs\AllianceSystem

Before we get started, keep in mind:

  * You are currently outside your home directory
  * You are initializing in an existing Firebase project directory

